c:\users\user\desktop\модерация репозитория\generator\algorithmslibrary\firstalgorithmsdll\x64\release\firstalgorithmsdll.pch
c:\users\user\desktop\модерация репозитория\generator\algorithmslibrary\firstalgorithmsdll\x64\release\vc143.pdb
c:\users\user\desktop\модерация репозитория\generator\algorithmslibrary\firstalgorithmsdll\x64\release\pch.obj
c:\users\user\desktop\модерация репозитория\generator\algorithmslibrary\firstalgorithmsdll\x64\release\pixelrgb.obj
c:\users\user\desktop\модерация репозитория\generator\algorithmslibrary\firstalgorithmsdll\x64\release\pixelhex.obj
c:\users\user\desktop\модерация репозитория\generator\algorithmslibrary\firstalgorithmsdll\x64\release\pixel.obj
c:\users\user\desktop\модерация репозитория\generator\algorithmslibrary\firstalgorithmsdll\x64\release\imagestate.obj
c:\users\user\desktop\модерация репозитория\generator\algorithmslibrary\firstalgorithmsdll\x64\release\imageresolution.obj
c:\users\user\desktop\модерация репозитория\generator\algorithmslibrary\firstalgorithmsdll\x64\release\dllmain.obj
c:\users\user\desktop\модерация репозитория\generator\algorithmslibrary\firstalgorithmsdll\x64\release\firstalgorithmsdll.dll
c:\users\user\desktop\модерация репозитория\generator\algorithmslibrary\firstalgorithmsdll\x64\release\firstalgorithmsdll.pdb
c:\users\user\desktop\модерация репозитория\generator\algorithmslibrary\firstalgorithmsdll\x64\release\firstalgorithmsdll.ipdb
c:\users\user\desktop\модерация репозитория\generator\algorithmslibrary\firstalgorithmsdll\x64\release\firstalgorithmsdll.iobj
c:\users\user\desktop\модерация репозитория\generator\algorithmslibrary\firstalgorithmsdll\x64\release\firstalg.c35aa61b.tlog\cl.command.1.tlog
c:\users\user\desktop\модерация репозитория\generator\algorithmslibrary\firstalgorithmsdll\x64\release\firstalg.c35aa61b.tlog\cl.read.1.tlog
c:\users\user\desktop\модерация репозитория\generator\algorithmslibrary\firstalgorithmsdll\x64\release\firstalg.c35aa61b.tlog\cl.write.1.tlog
c:\users\user\desktop\модерация репозитория\generator\algorithmslibrary\firstalgorithmsdll\x64\release\firstalg.c35aa61b.tlog\link.command.1.tlog
c:\users\user\desktop\модерация репозитория\generator\algorithmslibrary\firstalgorithmsdll\x64\release\firstalg.c35aa61b.tlog\link.read.1.tlog
c:\users\user\desktop\модерация репозитория\generator\algorithmslibrary\firstalgorithmsdll\x64\release\firstalg.c35aa61b.tlog\link.write.1.tlog
c:\users\user\desktop\модерация репозитория\generator\algorithmslibrary\firstalgorithmsdll\x64\release\firstalg.c35aa61b.tlog\link.write.2u.tlog
