  pch.cpp
  dllmain.cpp
  GenerateLevelsImageHandler.cpp
  Image.cpp
C:\Users\user\Desktop\модерация репозитория\generator\algorithmsLibrary\FirstAlgorithmsDll\Image.cpp(43,76): warning C4267: инициализация: преобразование из "size_t" в "int"; возможна потеря данных
C:\Users\user\Desktop\модерация репозитория\generator\algorithmsLibrary\FirstAlgorithmsDll\Image.cpp(88,65): warning C4267: инициализация: преобразование из "size_t" в "int"; возможна потеря данных
  ImageGeneratorService.cpp
  ImageResolution.cpp
  ImageState.cpp
C:\Users\user\Desktop\модерация репозитория\generator\algorithmsLibrary\FirstAlgorithmsDll\ImageState.cpp(18,46): warning C4267: инициализация: преобразование из "size_t" в "int"; возможна потеря данных
C:\Users\user\Desktop\модерация репозитория\generator\algorithmsLibrary\FirstAlgorithmsDll\ImageState.cpp(37,46): warning C4267: инициализация: преобразование из "size_t" в "int"; возможна потеря данных
C:\Users\user\Desktop\модерация репозитория\generator\algorithmsLibrary\FirstAlgorithmsDll\ImageState.cpp(97,56): warning C4267: инициализация: преобразование из "size_t" в "int"; возможна потеря данных
C:\Users\user\Desktop\модерация репозитория\generator\algorithmsLibrary\FirstAlgorithmsDll\ImageState.cpp(114,51): warning C4267: инициализация: преобразование из "size_t" в "int"; возможна потеря данных
  Pixel.cpp
  PixelHEX.cpp
  PixelRGB.cpp
  Создание кода
  Previous IPDB not found, fall back to full compilation.
  All 14 functions were compiled because no usable IPDB/IOBJ from previous compilation was found.
  Создание кода завершено
  FirstAlgorithmsDll.vcxproj -> C:\Users\user\Desktop\модерация репозитория\generator\algorithmsLibrary\FirstAlgorithmsDll\x64\Release\FirstAlgorithmsDll.dll
